<?xml version="1.0" encoding="UTF-8"?>
<testng-results ignored="0" total="1" passed="1" failed="0" skipped="0">
  <reporter-output>
  </reporter-output>
  <suite started-at="2022-11-30T08:03:51 IST" name="Default suite" finished-at="2022-11-30T08:03:51 IST" duration-ms="42">
    <groups>
    </groups>
    <test started-at="2022-11-30T08:03:51 IST" name="Default test" finished-at="2022-11-30T08:03:51 IST" duration-ms="42">
      <class name="concat.concatination">
        <test-method signature="concat()[pri:0, instance:concat.concatination@4d465b11]" started-at="2022-11-30T08:03:51 IST" name="concat" finished-at="2022-11-30T08:03:51 IST" duration-ms="8" status="PASS">
          <reporter-output>
          </reporter-output>
        </test-method> <!-- concat -->
      </class> <!-- concat.concatination -->
    </test> <!-- Default test -->
  </suite> <!-- Default suite -->
</testng-results>
